Warning: There are 6 switching activity information conflicts. (PWR-19)
Information: Propagating switching activity (high effort zero delay simulation). (PWR-6)
Warning: Invalid switching activity annotation on constant net(s) is being ignored. (PWR-421)
 
****************************************
Report : power
        -hier
        -analysis_effort high
Design : mp4
Version: R-2020.09-SP4
Date   : Sun Dec 11 23:03:27 2022
****************************************


Library(s) Used:

    NangateOpenCellLibrary (File: /class/ece411/freepdk-45nm/stdcells.db)


Operating Conditions: typical   Library: NangateOpenCellLibrary
Wire Load Model Mode: top

Design        Wire Load Model            Library
------------------------------------------------
mp4                    5K_hvratio_1_1    NangateOpenCellLibrary


Global Operating Voltage = 1.1  
Power-specific unit information :
    Voltage Units = 1V
    Capacitance Units = 1.000000ff
    Time Units = 1ns
    Dynamic Power Units = 1uW    (derived from V,C,T units)
    Leakage Power Units = 1nW


--------------------------------------------------------------------------------
                                       Switch   Int      Leak     Total
Hierarchy                              Power    Power    Power    Power    %
--------------------------------------------------------------------------------
mp4                                    1.05e+03 2.35e+03 2.04e+06 5.44e+03 100.0
  cache (cache_interface)               577.533 1.32e+03 1.78e+06 3.67e+03  67.5
    cacheline_adaptor (cacheline_adaptor)
                                          3.200   10.529 1.54e+04   29.095   0.5
    arbiter (arbiter)                     2.508    5.130 2.18e+04   29.391   0.5
    instruction_cache (cache_0)         215.168  571.417 8.77e+05 1.66e+03  30.6
      bus (line_adapter_0)               10.832    7.630 4.90e+03   23.364   0.4
      datapath (cache_datapath_0)       204.277  563.028 8.72e+05 1.64e+03  30.1
        valid (array_width1_1)            2.043    2.523 6.01e+03   10.576   0.2
        tag (array_width22_0)             4.489   36.606 6.90e+04  110.090   2.0
        DM_cache (data_array_0)         195.497  523.041 7.89e+05 1.51e+03  27.7
      control (cache_control_0)        5.85e-02    0.759  215.157    1.033   0.0
    data_cache (cache_1)                356.650  730.585 8.63e+05 1.95e+03  35.9
      bus (line_adapter_1)               17.054    3.519 4.74e+03   25.314   0.5
      datapath (cache_datapath_1)       339.352  725.583 8.58e+05 1.92e+03  35.4
        dirty (array_width1_2)            6.952    5.748 6.08e+03   18.775   0.3
        valid (array_width1_3)            5.951    4.357 5.86e+03   16.171   0.3
        tag (array_width22_1)            18.207   47.088 7.49e+04  140.198   2.6
        DM_cache (data_array_1)         298.943  661.487 7.57e+05 1.72e+03  31.6
      control (cache_control_1)           0.244    1.483  374.409    2.101   0.0
  d0 (datapath)                         476.340 1.03e+03 2.59e+05 1.77e+03  32.5
    stall_for_mem (stall_for_mem)      9.74e-02    1.477  213.092    1.788   0.0
    hazard_detector (hazard_detector)     3.621    4.512 1.08e+03    9.211   0.2
    forwarding (forwarder)               10.958   10.981 3.73e+03   25.667   0.5
    WB (WB)                              11.068    4.244 6.54e+03   21.854   0.4
    MEM_WB (MEM_WB)                      66.693  182.048 1.36e+04  262.346   4.8
    MEM (MEM)                             7.319    2.735 2.17e+03   12.223   0.2
    EX_MEM (EX_MEM)                      72.198  191.390 1.47e+04  278.255   5.1
    EX (EX)                              62.296   45.404 3.59e+04  143.576   2.6
      alu (alu)                          42.736   31.491 2.23e+04   96.557   1.8
    ID_EX (ID_EX)                       133.832  379.424 2.53e+04  538.567   9.9
    ID (ID)                              69.813  131.307 1.42e+05  343.514   6.3
      branch_resolver (branch_resolver)
                                          3.238    2.741 2.65e+03    8.633   0.2
        adder (adder_width20)             0.268    0.712 1.02e+03    2.003   0.0
      regfile (regfile)                  44.795  113.383 1.23e+05  281.324   5.2
      cmp_id (cmp)                        6.563    7.853 6.73e+03   21.146   0.4
      ctrl_rom (control_rom)              2.796    1.558 1.31e+03    5.662   0.1
    IF_ID (IF_ID)                        25.038   51.315 6.51e+03   82.861   1.5
    IF (IF)                              13.347   24.378 7.27e+03   44.997   0.8
      pc_register (pc_register)           9.231   21.354 3.29e+03   33.873   0.6
1
