Warning: There are 6 switching activity information conflicts. (PWR-19)
Information: Propagating switching activity (high effort zero delay simulation). (PWR-6)
Warning: Invalid switching activity annotation on constant net(s) is being ignored. (PWR-421)
 
****************************************
Report : power
        -hier
        -analysis_effort high
Design : mp4
Version: R-2020.09-SP4
Date   : Sun Dec 11 23:20:22 2022
****************************************


Library(s) Used:

    NangateOpenCellLibrary (File: /class/ece411/freepdk-45nm/stdcells.db)


Operating Conditions: typical   Library: NangateOpenCellLibrary
Wire Load Model Mode: top

Design        Wire Load Model            Library
------------------------------------------------
mp4                    5K_hvratio_1_1    NangateOpenCellLibrary


Global Operating Voltage = 1.1  
Power-specific unit information :
    Voltage Units = 1V
    Capacitance Units = 1.000000ff
    Time Units = 1ns
    Dynamic Power Units = 1uW    (derived from V,C,T units)
    Leakage Power Units = 1nW


--------------------------------------------------------------------------------
                                       Switch   Int      Leak     Total
Hierarchy                              Power    Power    Power    Power    %
--------------------------------------------------------------------------------
mp4                                    1.35e+03 2.67e+03 2.03e+06 6.04e+03 100.0
  cache (cache_interface)               607.413 1.32e+03 1.76e+06 3.70e+03  61.1
    cacheline_adaptor (cacheline_adaptor)
                                          0.257    6.990 1.48e+04   22.087   0.4
    arbiter (arbiter)                     0.156    4.121 2.22e+04   26.492   0.4
    instruction_cache (cache_0)         322.441  843.821 8.79e+05 2.05e+03  33.8
      bus (line_adapter_0)               22.549   15.824 5.15e+03   43.527   0.7
      datapath (cache_datapath_0)       299.890  826.718 8.74e+05 2.00e+03  33.1
        valid (array_width1_1)            2.884    2.822 5.90e+03   11.607   0.2
        tag (array_width22_0)             6.163   36.481 6.90e+04  111.595   1.8
        DM_cache (data_array_0)         290.677  787.349 7.92e+05 1.87e+03  30.9
      control (cache_control_0)        4.12e-03    1.278  204.510    1.487   0.0
    data_cache (cache_1)                284.555  469.583 8.47e+05 1.60e+03  26.5
      bus (line_adapter_1)               29.837    4.977 4.57e+03   39.380   0.7
      datapath (cache_datapath_1)       254.218  463.045 8.42e+05 1.56e+03  25.8
        dirty (array_width1_2)            6.441    5.418 6.00e+03   17.856   0.3
        valid (array_width1_3)            5.447    2.856 5.72e+03   14.020   0.2
        tag (array_width22_1)            13.803   38.364 7.00e+04  122.134   2.0
        DM_cache (data_array_1)         213.333  407.276 7.46e+05 1.37e+03  22.6
      control (cache_control_1)           0.498    1.561  374.548    2.433   0.0
  d0 (datapath)                         741.041 1.34e+03 2.61e+05 2.35e+03  38.8
    stall_for_mem (stall_for_mem)         0.174    1.514  228.696    1.916   0.0
    hazard_detector (hazard_detector)     5.461    5.954 1.10e+03   12.510   0.2
    forwarding (forwarder)               21.001   18.690 3.83e+03   43.522   0.7
    WB (WB)                              26.110    9.510 6.63e+03   42.255   0.7
    MEM_WB (MEM_WB)                      75.557  194.703 1.37e+04  283.941   4.7
    MEM (MEM)                             8.786    4.278 2.19e+03   15.251   0.3
    EX_MEM (EX_MEM)                      83.163  210.755 1.48e+04  308.697   5.1
    EX (EX)                             146.591  102.570 3.64e+04  285.514   4.7
      alu (alu)                         100.774   71.121 2.25e+04  194.349   3.2
    ID_EX (ID_EX)                       147.208  407.002 2.55e+04  579.678   9.6
    ID (ID)                             152.228  248.469 1.43e+05  543.499   9.0
      branch_resolver (branch_resolver)
                                          4.112    3.168 2.71e+03    9.992   0.2
        adder (adder_width20)             0.233    0.607 1.02e+03    1.859   0.0
      regfile (regfile)                  98.042  211.816 1.23e+05  433.268   7.2
      cmp_id (cmp)                       13.436   15.074 6.71e+03   35.224   0.6
      ctrl_rom (control_rom)              7.074    4.025 1.33e+03   12.432   0.2
    IF_ID (IF_ID)                        50.450   93.989 6.57e+03  151.005   2.5
    IF (IF)                              24.229   47.383 7.28e+03   78.893   1.3
      pc_register (pc_register)          18.316   42.488 3.31e+03   64.112   1.1
1
